SF:lib/domain/entities/weather_entity.dart
DA:8,1
DA:9,4
DA:16,1
DA:17,3
LF:4
LH:4
end_of_record
SF:lib/application/services/local_service.dart
DA:10,0
DA:11,0
LF:2
LH:0
end_of_record
SF:lib/initialize_dependencies.dart
DA:16,0
DA:17,0
DA:19,0
DA:20,0
DA:21,0
DA:25,0
DA:26,0
DA:27,0
DA:31,0
DA:32,0
DA:34,0
DA:38,0
DA:39,0
DA:44,0
DA:45,0
DA:50,0
DA:51,0
DA:56,0
DA:57,0
DA:62,0
DA:63,0
LF:21
LH:0
end_of_record
SF:lib/application/services/weather_service.dart
DA:7,0
DA:9,0
DA:10,0
LF:3
LH:0
end_of_record
SF:lib/domain/usecases/get_weather_usecase.dart
DA:7,0
DA:9,0
DA:10,0
LF:3
LH:0
end_of_record
SF:lib/data/data_sources/weather_api_data_source.dart
DA:14,1
DA:16,1
DA:21,2
DA:24,0
DA:25,0
DA:26,0
DA:35,0
DA:36,0
DA:37,0
DA:46,0
DA:47,0
DA:48,0
DA:51,0
DA:57,0
DA:59,0
DA:62,2
LF:16
LH:4
end_of_record
SF:lib/data/dtos/weather_dto.dart
DA:10,0
DA:11,0
DA:16,0
DA:17,0
DA:22,0
DA:23,0
DA:28,0
DA:34,0
DA:35,0
DA:36,0
DA:39,0
DA:43,0
DA:46,0
DA:49,0
DA:51,0
DA:58,0
DA:61,0
DA:63,0
DA:66,0
DA:68,0
DA:69,0
DA:70,0
DA:71,0
DA:73,0
DA:74,0
DA:77,0
DA:81,0
DA:84,0
DA:86,0
DA:87,0
DA:89,0
DA:90,0
DA:92,0
DA:100,0
DA:108,0
DA:109,0
DA:114,0
DA:115,0
DA:120,0
DA:125,0
DA:126,0
DA:128,0
LF:42
LH:0
end_of_record
SF:lib/data/dtos/weather_dto.g.dart
DA:9,0
DA:10,0
DA:11,0
DA:12,0
DA:13,0
DA:14,0
DA:17,0
DA:18,0
DA:19,0
DA:20,0
DA:21,0
DA:24,0
DA:25,0
DA:27,0
DA:28,0
DA:31,0
DA:32,0
DA:33,0
DA:34,0
LF:19
LH:0
end_of_record
SF:lib/data/impl_repositories/weather_repository_impl.dart
DA:10,1
DA:12,1
DA:19,1
DA:20,0
DA:21,0
DA:24,2
DA:30,1
DA:35,1
DA:36,0
DA:38,0
DA:41,0
DA:42,0
DA:43,0
DA:44,0
DA:45,0
DA:46,0
DA:50,0
DA:51,0
DA:55,0
LF:19
LH:6
end_of_record
SF:lib/design_system_widgets/app_error_widget.dart
DA:9,0
DA:13,0
DA:15,0
DA:17,0
DA:19,0
DA:20,0
DA:24,0
DA:26,0
DA:37,0
DA:38,0
DA:39,0
DA:40,0
LF:12
LH:0
end_of_record
SF:lib/themes/app_theme_extension.dart
DA:13,3
DA:35,0
DA:46,0
DA:47,0
DA:48,0
DA:49,0
DA:50,0
DA:51,0
DA:52,0
DA:53,0
DA:54,0
DA:58,0
DA:61,0
DA:64,0
DA:65,0
DA:66,0
DA:67,0
DA:68,0
DA:69,0
DA:70,0
DA:71,0
DA:72,0
LF:22
LH:1
end_of_record
SF:lib/design_system_widgets/app_loading_widget.dart
DA:4,3
DA:6,0
DA:8,0
DA:9,0
DA:11,0
DA:12,0
DA:15,0
LF:7
LH:1
end_of_record
SF:lib/flavor.dart
DA:8,0
DA:9,0
DA:10,0
DA:12,0
DA:14,0
DA:16,0
DA:18,0
DA:19,0
DA:20,0
DA:21,0
DA:23,0
DA:27,0
DA:28,0
DA:31,0
DA:32,0
DA:35,0
DA:36,0
LF:17
LH:0
end_of_record
SF:lib/presentation/cubits/weather/weather_cubit.dart
DA:12,0
DA:14,0
DA:16,0
DA:17,0
DA:18,0
DA:20,0
DA:24,0
DA:26,0
DA:27,0
DA:28,0
DA:30,0
DA:31,0
DA:33,0
LF:13
LH:0
end_of_record
SF:lib/presentation/cubits/weather/weather_state.dart
DA:4,0
DA:6,0
DA:7,0
DA:17,0
DA:19,0
DA:20,0
DA:26,0
DA:28,0
DA:29,0
LF:9
LH:0
end_of_record
SF:lib/main.dart
DA:11,0
DA:12,0
DA:15,0
DA:18,0
DA:20,0
DA:24,3
DA:26,0
DA:28,0
DA:30,0
DA:31,0
DA:32,0
LF:11
LH:1
end_of_record
SF:lib/presentation/pages/weather/widgets/four_day_forecast_widget.dart
DA:4,0
DA:7,0
DA:9,0
DA:10,0
DA:12,0
DA:13,0
DA:14,0
DA:15,0
DA:16,0
DA:17,0
DA:18,0
DA:19,0
DA:21,0
DA:23,0
DA:25,0
DA:26,0
DA:28,0
DA:29,0
DA:32,0
DA:33,0
DA:34,0
DA:35,0
LF:22
LH:0
end_of_record
SF:lib/presentation/pages/weather/weather_page.dart
DA:17,3
DA:19,0
DA:20,0
DA:24,0
DA:26,0
DA:28,0
DA:29,0
DA:33,0
DA:35,0
DA:36,0
DA:38,0
DA:39,0
DA:40,0
DA:42,0
DA:43,0
DA:45,0
DA:46,0
DA:51,0
DA:52,0
DA:53,0
DA:55,0
DA:56,0
DA:57,0
DA:58,0
DA:59,0
DA:61,0
DA:63,0
DA:65,0
DA:66,0
DA:68,0
DA:73,0
DA:74,0
DA:75,0
DA:76,0
DA:77,0
DA:78,0
LF:36
LH:1
end_of_record
SF:lib/presentation/pages/weather/widgets/current_temperature_location_widget.dart
DA:4,0
DA:7,0
DA:9,0
DA:10,0
DA:12,0
DA:14,0
DA:15,0
DA:16,0
DA:18,0
DA:19,0
DA:20,0
DA:21,0
DA:25,0
DA:26,0
DA:27,0
DA:28,0
LF:16
LH:0
end_of_record
SF:lib/themes.dart
DA:4,0
DA:5,0
DA:6,0
DA:21,0
DA:48,0
DA:49,0
DA:50,0
DA:54,0
DA:59,0
DA:60,0
LF:10
LH:0
end_of_record
